CRITICAL - 2024-12-26 23:27:04 --> Cannot use object of type stdClass as array
#0 /home/a2r9jiz6dv0x/public_html/system/View/View.php(210): include()
#1 /home/a2r9jiz6dv0x/public_html/system/View/View.php(213): CodeIgniter\View\View->CodeIgniter\View\{closure}()
#2 /home/a2r9jiz6dv0x/public_html/system/Common.php(1089): CodeIgniter\View\View->render('home', Array, true)
#3 /home/a2r9jiz6dv0x/public_html/app/Helpers/render_helper.php(10): view('home', Array, Array)
#4 /home/a2r9jiz6dv0x/public_html/app/Controllers/Home.php(137): render_frontend('home', Array)
#5 /home/a2r9jiz6dv0x/public_html/system/CodeIgniter.php(825): App\Controllers\Home->index()
#6 /home/a2r9jiz6dv0x/public_html/system/CodeIgniter.php(412): CodeIgniter\CodeIgniter->runController(Object(App\Controllers\Home))
#7 /home/a2r9jiz6dv0x/public_html/system/CodeIgniter.php(320): CodeIgniter\CodeIgniter->handleRequest(NULL, Object(Config\Cache), false)
#8 /home/a2r9jiz6dv0x/public_html/index.php(37): CodeIgniter\CodeIgniter->run()
#9 {main}
CRITICAL - 2024-12-26 23:27:07 --> Cannot use object of type stdClass as array
#0 /home/a2r9jiz6dv0x/public_html/system/View/View.php(210): include()
#1 /home/a2r9jiz6dv0x/public_html/system/View/View.php(213): CodeIgniter\View\View->CodeIgniter\View\{closure}()
#2 /home/a2r9jiz6dv0x/public_html/system/Common.php(1089): CodeIgniter\View\View->render('home', Array, true)
#3 /home/a2r9jiz6dv0x/public_html/app/Helpers/render_helper.php(10): view('home', Array, Array)
#4 /home/a2r9jiz6dv0x/public_html/app/Controllers/Home.php(137): render_frontend('home', Array)
#5 /home/a2r9jiz6dv0x/public_html/system/CodeIgniter.php(825): App\Controllers\Home->index()
#6 /home/a2r9jiz6dv0x/public_html/system/CodeIgniter.php(412): CodeIgniter\CodeIgniter->runController(Object(App\Controllers\Home))
#7 /home/a2r9jiz6dv0x/public_html/system/CodeIgniter.php(320): CodeIgniter\CodeIgniter->handleRequest(NULL, Object(Config\Cache), false)
#8 /home/a2r9jiz6dv0x/public_html/index.php(37): CodeIgniter\CodeIgniter->run()
#9 {main}
CRITICAL - 2024-12-26 23:27:39 --> Cannot use object of type stdClass as array
#0 /home/a2r9jiz6dv0x/public_html/system/View/View.php(210): include()
#1 /home/a2r9jiz6dv0x/public_html/system/View/View.php(213): CodeIgniter\View\View->CodeIgniter\View\{closure}()
#2 /home/a2r9jiz6dv0x/public_html/system/Common.php(1089): CodeIgniter\View\View->render('home', Array, true)
#3 /home/a2r9jiz6dv0x/public_html/app/Helpers/render_helper.php(10): view('home', Array, Array)
#4 /home/a2r9jiz6dv0x/public_html/app/Controllers/Home.php(137): render_frontend('home', Array)
#5 /home/a2r9jiz6dv0x/public_html/system/CodeIgniter.php(825): App\Controllers\Home->index()
#6 /home/a2r9jiz6dv0x/public_html/system/CodeIgniter.php(412): CodeIgniter\CodeIgniter->runController(Object(App\Controllers\Home))
#7 /home/a2r9jiz6dv0x/public_html/system/CodeIgniter.php(320): CodeIgniter\CodeIgniter->handleRequest(NULL, Object(Config\Cache), false)
#8 /home/a2r9jiz6dv0x/public_html/index.php(37): CodeIgniter\CodeIgniter->run()
#9 {main}
CRITICAL - 2024-12-26 23:29:58 --> Cannot use object of type stdClass as array
#0 /home/a2r9jiz6dv0x/public_html/system/View/View.php(210): include()
#1 /home/a2r9jiz6dv0x/public_html/system/View/View.php(213): CodeIgniter\View\View->CodeIgniter\View\{closure}()
#2 /home/a2r9jiz6dv0x/public_html/system/Common.php(1089): CodeIgniter\View\View->render('home', Array, true)
#3 /home/a2r9jiz6dv0x/public_html/app/Helpers/render_helper.php(10): view('home', Array, Array)
#4 /home/a2r9jiz6dv0x/public_html/app/Controllers/Home.php(138): render_frontend('home', Array)
#5 /home/a2r9jiz6dv0x/public_html/system/CodeIgniter.php(825): App\Controllers\Home->index()
#6 /home/a2r9jiz6dv0x/public_html/system/CodeIgniter.php(412): CodeIgniter\CodeIgniter->runController(Object(App\Controllers\Home))
#7 /home/a2r9jiz6dv0x/public_html/system/CodeIgniter.php(320): CodeIgniter\CodeIgniter->handleRequest(NULL, Object(Config\Cache), false)
#8 /home/a2r9jiz6dv0x/public_html/index.php(37): CodeIgniter\CodeIgniter->run()
#9 {main}
CRITICAL - 2024-12-26 23:33:19 --> Cannot use object of type stdClass as array
#0 /home/a2r9jiz6dv0x/public_html/system/View/View.php(210): include()
#1 /home/a2r9jiz6dv0x/public_html/system/View/View.php(213): CodeIgniter\View\View->CodeIgniter\View\{closure}()
#2 /home/a2r9jiz6dv0x/public_html/system/Common.php(1089): CodeIgniter\View\View->render('home', Array, true)
#3 /home/a2r9jiz6dv0x/public_html/app/Helpers/render_helper.php(10): view('home', Array, Array)
#4 /home/a2r9jiz6dv0x/public_html/app/Controllers/Home.php(138): render_frontend('home', Array)
#5 /home/a2r9jiz6dv0x/public_html/system/CodeIgniter.php(825): App\Controllers\Home->index()
#6 /home/a2r9jiz6dv0x/public_html/system/CodeIgniter.php(412): CodeIgniter\CodeIgniter->runController(Object(App\Controllers\Home))
#7 /home/a2r9jiz6dv0x/public_html/system/CodeIgniter.php(320): CodeIgniter\CodeIgniter->handleRequest(NULL, Object(Config\Cache), false)
#8 /home/a2r9jiz6dv0x/public_html/index.php(37): CodeIgniter\CodeIgniter->run()
#9 {main}
CRITICAL - 2024-12-26 23:33:22 --> Cannot use object of type stdClass as array
#0 /home/a2r9jiz6dv0x/public_html/system/View/View.php(210): include()
#1 /home/a2r9jiz6dv0x/public_html/system/View/View.php(213): CodeIgniter\View\View->CodeIgniter\View\{closure}()
#2 /home/a2r9jiz6dv0x/public_html/system/Common.php(1089): CodeIgniter\View\View->render('home', Array, true)
#3 /home/a2r9jiz6dv0x/public_html/app/Helpers/render_helper.php(10): view('home', Array, Array)
#4 /home/a2r9jiz6dv0x/public_html/app/Controllers/Home.php(138): render_frontend('home', Array)
#5 /home/a2r9jiz6dv0x/public_html/system/CodeIgniter.php(825): App\Controllers\Home->index()
#6 /home/a2r9jiz6dv0x/public_html/system/CodeIgniter.php(412): CodeIgniter\CodeIgniter->runController(Object(App\Controllers\Home))
#7 /home/a2r9jiz6dv0x/public_html/system/CodeIgniter.php(320): CodeIgniter\CodeIgniter->handleRequest(NULL, Object(Config\Cache), false)
#8 /home/a2r9jiz6dv0x/public_html/index.php(37): CodeIgniter\CodeIgniter->run()
#9 {main}
CRITICAL - 2024-12-26 23:33:42 --> Cannot use object of type stdClass as array
#0 /home/a2r9jiz6dv0x/public_html/system/View/View.php(210): include()
#1 /home/a2r9jiz6dv0x/public_html/system/View/View.php(213): CodeIgniter\View\View->CodeIgniter\View\{closure}()
#2 /home/a2r9jiz6dv0x/public_html/system/Common.php(1089): CodeIgniter\View\View->render('home', Array, true)
#3 /home/a2r9jiz6dv0x/public_html/app/Helpers/render_helper.php(10): view('home', Array, Array)
#4 /home/a2r9jiz6dv0x/public_html/app/Controllers/Home.php(138): render_frontend('home', Array)
#5 /home/a2r9jiz6dv0x/public_html/system/CodeIgniter.php(825): App\Controllers\Home->index()
#6 /home/a2r9jiz6dv0x/public_html/system/CodeIgniter.php(412): CodeIgniter\CodeIgniter->runController(Object(App\Controllers\Home))
#7 /home/a2r9jiz6dv0x/public_html/system/CodeIgniter.php(320): CodeIgniter\CodeIgniter->handleRequest(NULL, Object(Config\Cache), false)
#8 /home/a2r9jiz6dv0x/public_html/index.php(37): CodeIgniter\CodeIgniter->run()
#9 {main}
CRITICAL - 2024-12-26 23:42:38 --> Cannot use object of type stdClass as array
#0 /home/a2r9jiz6dv0x/public_html/system/View/View.php(210): include()
#1 /home/a2r9jiz6dv0x/public_html/system/View/View.php(213): CodeIgniter\View\View->CodeIgniter\View\{closure}()
#2 /home/a2r9jiz6dv0x/public_html/system/Common.php(1089): CodeIgniter\View\View->render('home', Array, true)
#3 /home/a2r9jiz6dv0x/public_html/app/Helpers/render_helper.php(10): view('home', Array, Array)
#4 /home/a2r9jiz6dv0x/public_html/app/Controllers/Home.php(138): render_frontend('home', Array)
#5 /home/a2r9jiz6dv0x/public_html/system/CodeIgniter.php(825): App\Controllers\Home->index()
#6 /home/a2r9jiz6dv0x/public_html/system/CodeIgniter.php(412): CodeIgniter\CodeIgniter->runController(Object(App\Controllers\Home))
#7 /home/a2r9jiz6dv0x/public_html/system/CodeIgniter.php(320): CodeIgniter\CodeIgniter->handleRequest(NULL, Object(Config\Cache), false)
#8 /home/a2r9jiz6dv0x/public_html/index.php(37): CodeIgniter\CodeIgniter->run()
#9 {main}
CRITICAL - 2024-12-26 23:43:03 --> Cannot use object of type stdClass as array
#0 /home/a2r9jiz6dv0x/public_html/system/View/View.php(210): include()
#1 /home/a2r9jiz6dv0x/public_html/system/View/View.php(213): CodeIgniter\View\View->CodeIgniter\View\{closure}()
#2 /home/a2r9jiz6dv0x/public_html/system/Common.php(1089): CodeIgniter\View\View->render('home', Array, true)
#3 /home/a2r9jiz6dv0x/public_html/app/Helpers/render_helper.php(10): view('home', Array, Array)
#4 /home/a2r9jiz6dv0x/public_html/app/Controllers/Home.php(138): render_frontend('home', Array)
#5 /home/a2r9jiz6dv0x/public_html/system/CodeIgniter.php(825): App\Controllers\Home->index()
#6 /home/a2r9jiz6dv0x/public_html/system/CodeIgniter.php(412): CodeIgniter\CodeIgniter->runController(Object(App\Controllers\Home))
#7 /home/a2r9jiz6dv0x/public_html/system/CodeIgniter.php(320): CodeIgniter\CodeIgniter->handleRequest(NULL, Object(Config\Cache), false)
#8 /home/a2r9jiz6dv0x/public_html/index.php(37): CodeIgniter\CodeIgniter->run()
#9 {main}
CRITICAL - 2024-12-26 23:49:22 --> Cannot use object of type stdClass as array
#0 /home/a2r9jiz6dv0x/public_html/system/View/View.php(210): include()
#1 /home/a2r9jiz6dv0x/public_html/system/View/View.php(213): CodeIgniter\View\View->CodeIgniter\View\{closure}()
#2 /home/a2r9jiz6dv0x/public_html/system/Common.php(1089): CodeIgniter\View\View->render('home', Array, true)
#3 /home/a2r9jiz6dv0x/public_html/app/Helpers/render_helper.php(10): view('home', Array, Array)
#4 /home/a2r9jiz6dv0x/public_html/app/Controllers/Home.php(136): render_frontend('home', Array)
#5 /home/a2r9jiz6dv0x/public_html/system/CodeIgniter.php(825): App\Controllers\Home->index()
#6 /home/a2r9jiz6dv0x/public_html/system/CodeIgniter.php(412): CodeIgniter\CodeIgniter->runController(Object(App\Controllers\Home))
#7 /home/a2r9jiz6dv0x/public_html/system/CodeIgniter.php(320): CodeIgniter\CodeIgniter->handleRequest(NULL, Object(Config\Cache), false)
#8 /home/a2r9jiz6dv0x/public_html/index.php(37): CodeIgniter\CodeIgniter->run()
#9 {main}
CRITICAL - 2024-12-26 23:58:40 --> Cannot use object of type stdClass as array
#0 /home/a2r9jiz6dv0x/public_html/system/View/View.php(210): include()
#1 /home/a2r9jiz6dv0x/public_html/system/View/View.php(213): CodeIgniter\View\View->CodeIgniter\View\{closure}()
#2 /home/a2r9jiz6dv0x/public_html/system/Common.php(1089): CodeIgniter\View\View->render('home', Array, true)
#3 /home/a2r9jiz6dv0x/public_html/app/Helpers/render_helper.php(10): view('home', Array, Array)
#4 /home/a2r9jiz6dv0x/public_html/app/Controllers/Home.php(136): render_frontend('home', Array)
#5 /home/a2r9jiz6dv0x/public_html/system/CodeIgniter.php(825): App\Controllers\Home->index()
#6 /home/a2r9jiz6dv0x/public_html/system/CodeIgniter.php(412): CodeIgniter\CodeIgniter->runController(Object(App\Controllers\Home))
#7 /home/a2r9jiz6dv0x/public_html/system/CodeIgniter.php(320): CodeIgniter\CodeIgniter->handleRequest(NULL, Object(Config\Cache), false)
#8 /home/a2r9jiz6dv0x/public_html/index.php(37): CodeIgniter\CodeIgniter->run()
#9 {main}
CRITICAL - 2024-12-26 23:59:51 --> Cannot use object of type stdClass as array
#0 /home/a2r9jiz6dv0x/public_html/system/View/View.php(210): include()
#1 /home/a2r9jiz6dv0x/public_html/system/View/View.php(213): CodeIgniter\View\View->CodeIgniter\View\{closure}()
#2 /home/a2r9jiz6dv0x/public_html/system/Common.php(1089): CodeIgniter\View\View->render('home', Array, true)
#3 /home/a2r9jiz6dv0x/public_html/app/Helpers/render_helper.php(10): view('home', Array, Array)
#4 /home/a2r9jiz6dv0x/public_html/app/Controllers/Home.php(144): render_frontend('home', Array)
#5 /home/a2r9jiz6dv0x/public_html/system/CodeIgniter.php(825): App\Controllers\Home->index()
#6 /home/a2r9jiz6dv0x/public_html/system/CodeIgniter.php(412): CodeIgniter\CodeIgniter->runController(Object(App\Controllers\Home))
#7 /home/a2r9jiz6dv0x/public_html/system/CodeIgniter.php(320): CodeIgniter\CodeIgniter->handleRequest(NULL, Object(Config\Cache), false)
#8 /home/a2r9jiz6dv0x/public_html/index.php(37): CodeIgniter\CodeIgniter->run()
#9 {main}
