CRITICAL - 2024-12-28 14:21:34 --> Class 'App\Controllers\Api' not found
#0 /home/a2r9jiz6dv0x/public_html/system/CodeIgniter.php(825): App\Controllers\AjaxController->do_place_order()
#1 /home/a2r9jiz6dv0x/public_html/system/CodeIgniter.php(412): CodeIgniter\CodeIgniter->runController(Object(App\Controllers\AjaxController))
#2 /home/a2r9jiz6dv0x/public_html/system/CodeIgniter.php(320): CodeIgniter\CodeIgniter->handleRequest(NULL, Object(Config\Cache), false)
#3 /home/a2r9jiz6dv0x/public_html/index.php(37): CodeIgniter\CodeIgniter->run()
#4 {main}
CRITICAL - 2024-12-28 14:30:47 --> Class 'App\Controllers\Api' not found
#0 /home/a2r9jiz6dv0x/public_html/system/CodeIgniter.php(825): App\Controllers\AjaxController->do_place_order()
#1 /home/a2r9jiz6dv0x/public_html/system/CodeIgniter.php(412): CodeIgniter\CodeIgniter->runController(Object(App\Controllers\AjaxController))
#2 /home/a2r9jiz6dv0x/public_html/system/CodeIgniter.php(320): CodeIgniter\CodeIgniter->handleRequest(NULL, Object(Config\Cache), false)
#3 /home/a2r9jiz6dv0x/public_html/index.php(37): CodeIgniter\CodeIgniter->run()
#4 {main}
CRITICAL - 2024-12-28 15:00:24 --> Class 'App\Controllers\Api' not found
#0 /home/a2r9jiz6dv0x/public_html/system/CodeIgniter.php(825): App\Controllers\AjaxController->do_place_order()
#1 /home/a2r9jiz6dv0x/public_html/system/CodeIgniter.php(412): CodeIgniter\CodeIgniter->runController(Object(App\Controllers\AjaxController))
#2 /home/a2r9jiz6dv0x/public_html/system/CodeIgniter.php(320): CodeIgniter\CodeIgniter->handleRequest(NULL, Object(Config\Cache), false)
#3 /home/a2r9jiz6dv0x/public_html/index.php(37): CodeIgniter\CodeIgniter->run()
#4 {main}
CRITICAL - 2024-12-28 15:07:03 --> Class 'App\Controllers\Api' not found
#0 /home/a2r9jiz6dv0x/public_html/system/CodeIgniter.php(825): App\Controllers\AjaxController->do_place_order()
#1 /home/a2r9jiz6dv0x/public_html/system/CodeIgniter.php(412): CodeIgniter\CodeIgniter->runController(Object(App\Controllers\AjaxController))
#2 /home/a2r9jiz6dv0x/public_html/system/CodeIgniter.php(320): CodeIgniter\CodeIgniter->handleRequest(NULL, Object(Config\Cache), false)
#3 /home/a2r9jiz6dv0x/public_html/index.php(37): CodeIgniter\CodeIgniter->run()
#4 {main}
CRITICAL - 2024-12-28 15:09:30 --> Class 'App\Controllers\Api' not found
#0 /home/a2r9jiz6dv0x/public_html/system/CodeIgniter.php(825): App\Controllers\AjaxController->do_place_order()
#1 /home/a2r9jiz6dv0x/public_html/system/CodeIgniter.php(412): CodeIgniter\CodeIgniter->runController(Object(App\Controllers\AjaxController))
#2 /home/a2r9jiz6dv0x/public_html/system/CodeIgniter.php(320): CodeIgniter\CodeIgniter->handleRequest(NULL, Object(Config\Cache), false)
#3 /home/a2r9jiz6dv0x/public_html/index.php(37): CodeIgniter\CodeIgniter->run()
#4 {main}
CRITICAL - 2024-12-28 15:10:44 --> Class 'App\Controllers\Api' not found
#0 /home/a2r9jiz6dv0x/public_html/system/CodeIgniter.php(825): App\Controllers\AjaxController->do_place_order()
#1 /home/a2r9jiz6dv0x/public_html/system/CodeIgniter.php(412): CodeIgniter\CodeIgniter->runController(Object(App\Controllers\AjaxController))
#2 /home/a2r9jiz6dv0x/public_html/system/CodeIgniter.php(320): CodeIgniter\CodeIgniter->handleRequest(NULL, Object(Config\Cache), false)
#3 /home/a2r9jiz6dv0x/public_html/index.php(37): CodeIgniter\CodeIgniter->run()
#4 {main}
CRITICAL - 2024-12-28 15:13:34 --> Class 'App\Controllers\Api' not found
#0 /home/a2r9jiz6dv0x/public_html/system/CodeIgniter.php(825): App\Controllers\AjaxController->do_place_order()
#1 /home/a2r9jiz6dv0x/public_html/system/CodeIgniter.php(412): CodeIgniter\CodeIgniter->runController(Object(App\Controllers\AjaxController))
#2 /home/a2r9jiz6dv0x/public_html/system/CodeIgniter.php(320): CodeIgniter\CodeIgniter->handleRequest(NULL, Object(Config\Cache), false)
#3 /home/a2r9jiz6dv0x/public_html/index.php(37): CodeIgniter\CodeIgniter->run()
#4 {main}
CRITICAL - 2024-12-28 15:29:45 --> Class 'App\Controllers\Api' not found
#0 /home/a2r9jiz6dv0x/public_html/system/CodeIgniter.php(825): App\Controllers\AjaxController->do_place_order()
#1 /home/a2r9jiz6dv0x/public_html/system/CodeIgniter.php(412): CodeIgniter\CodeIgniter->runController(Object(App\Controllers\AjaxController))
#2 /home/a2r9jiz6dv0x/public_html/system/CodeIgniter.php(320): CodeIgniter\CodeIgniter->handleRequest(NULL, Object(Config\Cache), false)
#3 /home/a2r9jiz6dv0x/public_html/index.php(37): CodeIgniter\CodeIgniter->run()
#4 {main}
CRITICAL - 2024-12-28 15:39:54 --> Class 'App\Controllers\Api' not found
#0 /home/a2r9jiz6dv0x/public_html/system/CodeIgniter.php(825): App\Controllers\AjaxController->do_place_order()
#1 /home/a2r9jiz6dv0x/public_html/system/CodeIgniter.php(412): CodeIgniter\CodeIgniter->runController(Object(App\Controllers\AjaxController))
#2 /home/a2r9jiz6dv0x/public_html/system/CodeIgniter.php(320): CodeIgniter\CodeIgniter->handleRequest(NULL, Object(Config\Cache), false)
#3 /home/a2r9jiz6dv0x/public_html/index.php(37): CodeIgniter\CodeIgniter->run()
#4 {main}
CRITICAL - 2024-12-28 15:45:37 --> Class 'App\Controllers\Api' not found
#0 /home/a2r9jiz6dv0x/public_html/system/CodeIgniter.php(825): App\Controllers\AjaxController->do_place_order()
#1 /home/a2r9jiz6dv0x/public_html/system/CodeIgniter.php(412): CodeIgniter\CodeIgniter->runController(Object(App\Controllers\AjaxController))
#2 /home/a2r9jiz6dv0x/public_html/system/CodeIgniter.php(320): CodeIgniter\CodeIgniter->handleRequest(NULL, Object(Config\Cache), false)
#3 /home/a2r9jiz6dv0x/public_html/index.php(37): CodeIgniter\CodeIgniter->run()
#4 {main}
CRITICAL - 2024-12-28 15:49:21 --> Class 'App\Controllers\Api' not found
#0 /home/a2r9jiz6dv0x/public_html/system/CodeIgniter.php(825): App\Controllers\AjaxController->do_place_order()
#1 /home/a2r9jiz6dv0x/public_html/system/CodeIgniter.php(412): CodeIgniter\CodeIgniter->runController(Object(App\Controllers\AjaxController))
#2 /home/a2r9jiz6dv0x/public_html/system/CodeIgniter.php(320): CodeIgniter\CodeIgniter->handleRequest(NULL, Object(Config\Cache), false)
#3 /home/a2r9jiz6dv0x/public_html/index.php(37): CodeIgniter\CodeIgniter->run()
#4 {main}
