CRITICAL - 2024-12-27 00:07:25 --> Cannot use object of type stdClass as array
#0 /home/a2r9jiz6dv0x/public_html/system/View/View.php(210): include()
#1 /home/a2r9jiz6dv0x/public_html/system/View/View.php(213): CodeIgniter\View\View->CodeIgniter\View\{closure}()
#2 /home/a2r9jiz6dv0x/public_html/system/Common.php(1089): CodeIgniter\View\View->render('home', Array, true)
#3 /home/a2r9jiz6dv0x/public_html/app/Helpers/render_helper.php(10): view('home', Array, Array)
#4 /home/a2r9jiz6dv0x/public_html/app/Controllers/Home.php(145): render_frontend('home', Array)
#5 /home/a2r9jiz6dv0x/public_html/system/CodeIgniter.php(825): App\Controllers\Home->index()
#6 /home/a2r9jiz6dv0x/public_html/system/CodeIgniter.php(412): CodeIgniter\CodeIgniter->runController(Object(App\Controllers\Home))
#7 /home/a2r9jiz6dv0x/public_html/system/CodeIgniter.php(320): CodeIgniter\CodeIgniter->handleRequest(NULL, Object(Config\Cache), false)
#8 /home/a2r9jiz6dv0x/public_html/index.php(37): CodeIgniter\CodeIgniter->run()
#9 {main}
CRITICAL - 2024-12-27 00:09:46 --> Cannot use object of type stdClass as array
#0 /home/a2r9jiz6dv0x/public_html/system/View/View.php(210): include()
#1 /home/a2r9jiz6dv0x/public_html/system/View/View.php(213): CodeIgniter\View\View->CodeIgniter\View\{closure}()
#2 /home/a2r9jiz6dv0x/public_html/system/Common.php(1089): CodeIgniter\View\View->render('home', Array, true)
#3 /home/a2r9jiz6dv0x/public_html/app/Helpers/render_helper.php(10): view('home', Array, Array)
#4 /home/a2r9jiz6dv0x/public_html/app/Controllers/Home.php(133): render_frontend('home', Array)
#5 /home/a2r9jiz6dv0x/public_html/system/CodeIgniter.php(825): App\Controllers\Home->index()
#6 /home/a2r9jiz6dv0x/public_html/system/CodeIgniter.php(412): CodeIgniter\CodeIgniter->runController(Object(App\Controllers\Home))
#7 /home/a2r9jiz6dv0x/public_html/system/CodeIgniter.php(320): CodeIgniter\CodeIgniter->handleRequest(NULL, Object(Config\Cache), false)
#8 /home/a2r9jiz6dv0x/public_html/index.php(37): CodeIgniter\CodeIgniter->run()
#9 {main}
CRITICAL - 2024-12-27 00:16:43 --> Cannot use object of type stdClass as array
#0 /home/a2r9jiz6dv0x/public_html/system/View/View.php(210): include()
#1 /home/a2r9jiz6dv0x/public_html/system/View/View.php(213): CodeIgniter\View\View->CodeIgniter\View\{closure}()
#2 /home/a2r9jiz6dv0x/public_html/system/Common.php(1089): CodeIgniter\View\View->render('home', Array, true)
#3 /home/a2r9jiz6dv0x/public_html/app/Helpers/render_helper.php(10): view('home', Array, Array)
#4 /home/a2r9jiz6dv0x/public_html/app/Controllers/Home.php(133): render_frontend('home', Array)
#5 /home/a2r9jiz6dv0x/public_html/system/CodeIgniter.php(825): App\Controllers\Home->index()
#6 /home/a2r9jiz6dv0x/public_html/system/CodeIgniter.php(412): CodeIgniter\CodeIgniter->runController(Object(App\Controllers\Home))
#7 /home/a2r9jiz6dv0x/public_html/system/CodeIgniter.php(320): CodeIgniter\CodeIgniter->handleRequest(NULL, Object(Config\Cache), false)
#8 /home/a2r9jiz6dv0x/public_html/index.php(37): CodeIgniter\CodeIgniter->run()
#9 {main}
CRITICAL - 2024-12-27 00:17:23 --> Cannot use object of type stdClass as array
#0 /home/a2r9jiz6dv0x/public_html/system/View/View.php(210): include()
#1 /home/a2r9jiz6dv0x/public_html/system/View/View.php(213): CodeIgniter\View\View->CodeIgniter\View\{closure}()
#2 /home/a2r9jiz6dv0x/public_html/system/Common.php(1089): CodeIgniter\View\View->render('home', Array, true)
#3 /home/a2r9jiz6dv0x/public_html/app/Helpers/render_helper.php(10): view('home', Array, Array)
#4 /home/a2r9jiz6dv0x/public_html/app/Controllers/Home.php(133): render_frontend('home', Array)
#5 /home/a2r9jiz6dv0x/public_html/system/CodeIgniter.php(825): App\Controllers\Home->index()
#6 /home/a2r9jiz6dv0x/public_html/system/CodeIgniter.php(412): CodeIgniter\CodeIgniter->runController(Object(App\Controllers\Home))
#7 /home/a2r9jiz6dv0x/public_html/system/CodeIgniter.php(320): CodeIgniter\CodeIgniter->handleRequest(NULL, Object(Config\Cache), false)
#8 /home/a2r9jiz6dv0x/public_html/index.php(37): CodeIgniter\CodeIgniter->run()
#9 {main}
CRITICAL - 2024-12-27 00:25:58 --> syntax error, unexpected '--' (T_DEC)
#0 /home/a2r9jiz6dv0x/public_html/system/View/View.php(213): CodeIgniter\View\View->CodeIgniter\View\{closure}()
#1 /home/a2r9jiz6dv0x/public_html/system/Common.php(1089): CodeIgniter\View\View->render('home', Array, true)
#2 /home/a2r9jiz6dv0x/public_html/app/Helpers/render_helper.php(10): view('home', Array, Array)
#3 /home/a2r9jiz6dv0x/public_html/app/Controllers/Home.php(125): render_frontend('home', Array)
#4 /home/a2r9jiz6dv0x/public_html/system/CodeIgniter.php(825): App\Controllers\Home->index()
#5 /home/a2r9jiz6dv0x/public_html/system/CodeIgniter.php(412): CodeIgniter\CodeIgniter->runController(Object(App\Controllers\Home))
#6 /home/a2r9jiz6dv0x/public_html/system/CodeIgniter.php(320): CodeIgniter\CodeIgniter->handleRequest(NULL, Object(Config\Cache), false)
#7 /home/a2r9jiz6dv0x/public_html/index.php(37): CodeIgniter\CodeIgniter->run()
#8 {main}
CRITICAL - 2024-12-27 00:26:01 --> syntax error, unexpected '--' (T_DEC)
#0 /home/a2r9jiz6dv0x/public_html/system/View/View.php(213): CodeIgniter\View\View->CodeIgniter\View\{closure}()
#1 /home/a2r9jiz6dv0x/public_html/system/Common.php(1089): CodeIgniter\View\View->render('home', Array, true)
#2 /home/a2r9jiz6dv0x/public_html/app/Helpers/render_helper.php(10): view('home', Array, Array)
#3 /home/a2r9jiz6dv0x/public_html/app/Controllers/Home.php(125): render_frontend('home', Array)
#4 /home/a2r9jiz6dv0x/public_html/system/CodeIgniter.php(825): App\Controllers\Home->index()
#5 /home/a2r9jiz6dv0x/public_html/system/CodeIgniter.php(412): CodeIgniter\CodeIgniter->runController(Object(App\Controllers\Home))
#6 /home/a2r9jiz6dv0x/public_html/system/CodeIgniter.php(320): CodeIgniter\CodeIgniter->handleRequest(NULL, Object(Config\Cache), false)
#7 /home/a2r9jiz6dv0x/public_html/index.php(37): CodeIgniter\CodeIgniter->run()
#8 {main}
CRITICAL - 2024-12-27 00:26:28 --> syntax error, unexpected '--' (T_DEC)
#0 /home/a2r9jiz6dv0x/public_html/system/View/View.php(213): CodeIgniter\View\View->CodeIgniter\View\{closure}()
#1 /home/a2r9jiz6dv0x/public_html/system/Common.php(1089): CodeIgniter\View\View->render('home', Array, true)
#2 /home/a2r9jiz6dv0x/public_html/app/Helpers/render_helper.php(10): view('home', Array, Array)
#3 /home/a2r9jiz6dv0x/public_html/app/Controllers/Home.php(125): render_frontend('home', Array)
#4 /home/a2r9jiz6dv0x/public_html/system/CodeIgniter.php(825): App\Controllers\Home->index()
#5 /home/a2r9jiz6dv0x/public_html/system/CodeIgniter.php(412): CodeIgniter\CodeIgniter->runController(Object(App\Controllers\Home))
#6 /home/a2r9jiz6dv0x/public_html/system/CodeIgniter.php(320): CodeIgniter\CodeIgniter->handleRequest(NULL, Object(Config\Cache), false)
#7 /home/a2r9jiz6dv0x/public_html/index.php(37): CodeIgniter\CodeIgniter->run()
#8 {main}
CRITICAL - 2024-12-27 00:26:56 --> syntax error, unexpected '--' (T_DEC)
#0 /home/a2r9jiz6dv0x/public_html/system/View/View.php(213): CodeIgniter\View\View->CodeIgniter\View\{closure}()
#1 /home/a2r9jiz6dv0x/public_html/system/Common.php(1089): CodeIgniter\View\View->render('home', Array, true)
#2 /home/a2r9jiz6dv0x/public_html/app/Helpers/render_helper.php(10): view('home', Array, Array)
#3 /home/a2r9jiz6dv0x/public_html/app/Controllers/Home.php(125): render_frontend('home', Array)
#4 /home/a2r9jiz6dv0x/public_html/system/CodeIgniter.php(825): App\Controllers\Home->index()
#5 /home/a2r9jiz6dv0x/public_html/system/CodeIgniter.php(412): CodeIgniter\CodeIgniter->runController(Object(App\Controllers\Home))
#6 /home/a2r9jiz6dv0x/public_html/system/CodeIgniter.php(320): CodeIgniter\CodeIgniter->handleRequest(NULL, Object(Config\Cache), false)
#7 /home/a2r9jiz6dv0x/public_html/index.php(37): CodeIgniter\CodeIgniter->run()
#8 {main}
